[2024-05-21T18:52:38.070+0000] {manager.py:470} INFO - Processing files using up to 1 processes at a time 
[2024-05-21T18:52:38.072+0000] {manager.py:471} INFO - Process each file at most once every 30 seconds
[2024-05-21T18:52:38.074+0000] {manager.py:472} INFO - Checking for new files in /opt/airflow/dags every 300 seconds
[2024-05-21T18:52:38.079+0000] {manager.py:737} INFO - Searching for files in /opt/airflow/dags
[2024-05-21T18:52:38.094+0000] {manager.py:740} INFO - There are 0 files in /opt/airflow/dags
[2024-05-21T18:57:42.899+0000] {manager.py:737} INFO - Searching for files in /opt/airflow/dags
[2024-05-21T18:57:43.088+0000] {manager.py:740} INFO - There are 0 files in /opt/airflow/dags
[2024-05-21T19:02:43.318+0000] {manager.py:737} INFO - Searching for files in /opt/airflow/dags
[2024-05-21T19:02:43.388+0000] {manager.py:740} INFO - There are 0 files in /opt/airflow/dags
[2024-05-21T19:07:43.579+0000] {manager.py:737} INFO - Searching for files in /opt/airflow/dags
[2024-05-21T19:07:43.670+0000] {manager.py:740} INFO - There are 2 files in /opt/airflow/dags
[2024-05-21T19:08:06.293+0000] {manager.py:878} INFO - 
================================================================================
DAG File Processing Stats

File Path                             PID    Runtime      # DAGs    # Errors  Last Runtime    Last Run
------------------------------------  -----  ---------  --------  ----------  --------------  -------------------
/opt/airflow/dags/i200658_etl_dag.py                           1           0  1.83s           2024-05-21T19:07:58
/opt/airflow/dags/i202478_dag.py                               1           0  1.45s           2024-05-21T19:07:55
================================================================================
[2024-05-21T19:08:36.317+0000] {manager.py:878} INFO - 
================================================================================
DAG File Processing Stats

File Path                             PID    Runtime      # DAGs    # Errors  Last Runtime    Last Run
------------------------------------  -----  ---------  --------  ----------  --------------  -------------------
/opt/airflow/dags/i202478_dag.py                               1           0  3.06s           2024-05-21T19:08:28
/opt/airflow/dags/i200658_etl_dag.py                           1           0  1.72s           2024-05-21T19:08:31
================================================================================
[2024-05-21T19:09:07.014+0000] {manager.py:878} INFO - 
================================================================================
DAG File Processing Stats

File Path                             PID    Runtime      # DAGs    # Errors  Last Runtime    Last Run
------------------------------------  -----  ---------  --------  ----------  --------------  -------------------
/opt/airflow/dags/i200658_etl_dag.py                           1           0  1.73s           2024-05-21T19:08:57
/opt/airflow/dags/i202478_dag.py                               1           0  1.61s           2024-05-21T19:09:01
================================================================================
[2024-05-21T19:09:37.041+0000] {manager.py:878} INFO - 
================================================================================
DAG File Processing Stats

File Path                             PID    Runtime      # DAGs    # Errors  Last Runtime    Last Run
------------------------------------  -----  ---------  --------  ----------  --------------  -------------------
/opt/airflow/dags/i200658_etl_dag.py                           1           0  2.73s           2024-05-21T19:09:30
/opt/airflow/dags/i202478_dag.py                               1           0  1.31s           2024-05-21T19:09:33
================================================================================
[2024-05-21T19:10:10.581+0000] {manager.py:878} INFO - 
================================================================================
DAG File Processing Stats

File Path                             PID    Runtime      # DAGs    # Errors  Last Runtime    Last Run
------------------------------------  -----  ---------  --------  ----------  --------------  -------------------
/opt/airflow/dags/i202478_dag.py                               1           0  4.78s           2024-05-21T19:10:10
/opt/airflow/dags/i200658_etl_dag.py                           1           0  3.33s           2024-05-21T19:10:04
================================================================================
[2024-05-21T19:10:41.817+0000] {manager.py:878} INFO - 
================================================================================
DAG File Processing Stats

File Path                             PID    Runtime      # DAGs    # Errors  Last Runtime    Last Run
------------------------------------  -----  ---------  --------  ----------  --------------  -------------------
/opt/airflow/dags/i202478_dag.py                               1           0  1.12s           2024-05-21T19:10:41
/opt/airflow/dags/i200658_etl_dag.py                           1           0  1.01s           2024-05-21T19:10:36
================================================================================
[2024-05-21T19:11:13.728+0000] {manager.py:878} INFO - 
================================================================================
DAG File Processing Stats

File Path                             PID    Runtime      # DAGs    # Errors  Last Runtime    Last Run
------------------------------------  -----  ---------  --------  ----------  --------------  -------------------
/opt/airflow/dags/i200658_etl_dag.py                           1           0  1.31s           2024-05-21T19:11:11
/opt/airflow/dags/i202478_dag.py                               1           0  1.21s           2024-05-21T19:11:13
================================================================================
[2024-05-21T19:11:45.310+0000] {manager.py:878} INFO - 
================================================================================
DAG File Processing Stats

File Path                             PID    Runtime      # DAGs    # Errors  Last Runtime    Last Run
------------------------------------  -----  ---------  --------  ----------  --------------  -------------------
/opt/airflow/dags/i202478_dag.py                               1           0  1.31s           2024-05-21T19:11:45
/opt/airflow/dags/i200658_etl_dag.py                           1           0  1.21s           2024-05-21T19:11:24
================================================================================
[2024-05-21T19:12:17.900+0000] {manager.py:878} INFO - 
================================================================================
DAG File Processing Stats

File Path                             PID    Runtime      # DAGs    # Errors  Last Runtime    Last Run
------------------------------------  -----  ---------  --------  ----------  --------------  -------------------
/opt/airflow/dags/i202478_dag.py                               1           0  2.23s           2024-05-21T19:12:17
/opt/airflow/dags/i200658_etl_dag.py                           1           0  1.43s           2024-05-21T19:11:57
================================================================================
[2024-05-21T19:12:43.775+0000] {manager.py:737} INFO - Searching for files in /opt/airflow/dags
[2024-05-21T19:12:44.096+0000] {manager.py:740} INFO - There are 2 files in /opt/airflow/dags
[2024-05-21T19:12:50.216+0000] {manager.py:878} INFO - 
================================================================================
DAG File Processing Stats

File Path                             PID    Runtime      # DAGs    # Errors  Last Runtime    Last Run
------------------------------------  -----  ---------  --------  ----------  --------------  -------------------
/opt/airflow/dags/i202478_dag.py                               1           0  1.93s           2024-05-21T19:12:50
/opt/airflow/dags/i200658_etl_dag.py                           1           0  1.61s           2024-05-21T19:12:32
================================================================================
[2024-05-21T19:13:21.468+0000] {manager.py:878} INFO - 
================================================================================
DAG File Processing Stats

File Path                             PID    Runtime      # DAGs    # Errors  Last Runtime    Last Run
------------------------------------  -----  ---------  --------  ----------  --------------  -------------------
/opt/airflow/dags/i200658_etl_dag.py                           1           0  1.51s           2024-05-21T19:13:04
/opt/airflow/dags/i202478_dag.py                               1           0  1.21s           2024-05-21T19:13:21
================================================================================
[2024-05-21T19:13:56.140+0000] {manager.py:878} INFO - 
================================================================================
DAG File Processing Stats

File Path                             PID    Runtime      # DAGs    # Errors  Last Runtime    Last Run
------------------------------------  -----  ---------  --------  ----------  --------------  -------------------
/opt/airflow/dags/i202478_dag.py                               1           0  3.96s           2024-05-21T19:13:56
/opt/airflow/dags/i200658_etl_dag.py                           1           0  1.21s           2024-05-21T19:13:35
================================================================================
[2024-05-21T19:15:14.041+0000] {manager.py:470} INFO - Processing files using up to 1 processes at a time 
[2024-05-21T19:15:14.043+0000] {manager.py:471} INFO - Process each file at most once every 30 seconds
[2024-05-21T19:15:14.045+0000] {manager.py:472} INFO - Checking for new files in /opt/airflow/dags every 300 seconds
[2024-05-21T19:15:14.048+0000] {manager.py:737} INFO - Searching for files in /opt/airflow/dags
[2024-05-21T19:15:14.126+0000] {manager.py:740} INFO - There are 2 files in /opt/airflow/dags
[2024-05-21T19:15:15.609+0000] {manager.py:878} INFO - 
================================================================================
DAG File Processing Stats

File Path                             PID    Runtime      # DAGs    # Errors  Last Runtime    Last Run
------------------------------------  -----  ---------  --------  ----------  --------------  -------------------
/opt/airflow/dags/i200658_etl_dag.py                           1           0  1.21s           2024-05-21T19:15:15
/opt/airflow/dags/i202478_dag.py                               0           0
================================================================================
[2024-05-21T19:15:47.267+0000] {manager.py:878} INFO - 
================================================================================
DAG File Processing Stats

File Path                             PID    Runtime      # DAGs    # Errors  Last Runtime    Last Run
------------------------------------  -----  ---------  --------  ----------  --------------  -------------------
/opt/airflow/dags/i200658_etl_dag.py                           1           0  1.41s           2024-05-21T19:15:47
/opt/airflow/dags/i202478_dag.py                               1           0  1.21s           2024-05-21T19:15:18
================================================================================
[2024-05-21T19:16:18.515+0000] {manager.py:878} INFO - 
================================================================================
DAG File Processing Stats

File Path                             PID    Runtime      # DAGs    # Errors  Last Runtime    Last Run
------------------------------------  -----  ---------  --------  ----------  --------------  -------------------
/opt/airflow/dags/i202478_dag.py                               1           0  1.22s           2024-05-21T19:15:49
/opt/airflow/dags/i200658_etl_dag.py                           1           0  1.21s           2024-05-21T19:16:18
================================================================================
[2024-05-21T19:16:50.341+0000] {manager.py:878} INFO - 
================================================================================
DAG File Processing Stats

File Path                             PID    Runtime      # DAGs    # Errors  Last Runtime    Last Run
------------------------------------  -----  ---------  --------  ----------  --------------  -------------------
/opt/airflow/dags/i200658_etl_dag.py                           1           0  1.21s           2024-05-21T19:16:50
/opt/airflow/dags/i202478_dag.py                               1           0  1.21s           2024-05-21T19:16:22
================================================================================
[2024-05-21T19:17:22.559+0000] {manager.py:878} INFO - 
================================================================================
DAG File Processing Stats

File Path                             PID    Runtime      # DAGs    # Errors  Last Runtime    Last Run
------------------------------------  -----  ---------  --------  ----------  --------------  -------------------
/opt/airflow/dags/i202478_dag.py                               1           0  1.51s           2024-05-21T19:16:54
/opt/airflow/dags/i200658_etl_dag.py                           1           0  1.21s           2024-05-21T19:17:22
================================================================================
[2024-05-21T19:17:54.389+0000] {manager.py:878} INFO - 
================================================================================
DAG File Processing Stats

File Path                             PID    Runtime      # DAGs    # Errors  Last Runtime    Last Run
------------------------------------  -----  ---------  --------  ----------  --------------  -------------------
/opt/airflow/dags/i202478_dag.py                               1           0  1.11s           2024-05-21T19:17:25
/opt/airflow/dags/i200658_etl_dag.py                           1           0  1.11s           2024-05-21T19:17:54
================================================================================
[2024-05-21T19:18:26.486+0000] {manager.py:878} INFO - 
================================================================================
DAG File Processing Stats

File Path                             PID    Runtime      # DAGs    # Errors  Last Runtime    Last Run
------------------------------------  -----  ---------  --------  ----------  --------------  -------------------
/opt/airflow/dags/i202478_dag.py                               1           0  1.31s           2024-05-21T19:17:57
/opt/airflow/dags/i200658_etl_dag.py                           1           0  1.21s           2024-05-21T19:18:26
================================================================================
[2024-05-21T19:18:57.859+0000] {manager.py:878} INFO - 
================================================================================
DAG File Processing Stats

File Path                             PID    Runtime      # DAGs    # Errors  Last Runtime    Last Run
------------------------------------  -----  ---------  --------  ----------  --------------  -------------------
/opt/airflow/dags/i200658_etl_dag.py                           1           0  1.11s           2024-05-21T19:18:57
/opt/airflow/dags/i202478_dag.py                               1           0  1.11s           2024-05-21T19:18:29
================================================================================
[2024-05-21T19:19:29.584+0000] {manager.py:878} INFO - 
================================================================================
DAG File Processing Stats

File Path                             PID    Runtime      # DAGs    # Errors  Last Runtime    Last Run
------------------------------------  -----  ---------  --------  ----------  --------------  -------------------
/opt/airflow/dags/i200658_etl_dag.py                           1           0  1.21s           2024-05-21T19:19:29
/opt/airflow/dags/i202478_dag.py                               1           0  1.11s           2024-05-21T19:19:01
================================================================================
[2024-05-21T19:20:01.042+0000] {manager.py:878} INFO - 
================================================================================
DAG File Processing Stats

File Path                             PID    Runtime      # DAGs    # Errors  Last Runtime    Last Run
------------------------------------  -----  ---------  --------  ----------  --------------  -------------------
/opt/airflow/dags/i202478_dag.py                               1           0  1.12s           2024-05-21T19:19:32
/opt/airflow/dags/i200658_etl_dag.py                           1           0  1.01s           2024-05-21T19:20:01
================================================================================
[2024-05-21T19:20:14.530+0000] {manager.py:737} INFO - Searching for files in /opt/airflow/dags
[2024-05-21T19:20:14.623+0000] {manager.py:740} INFO - There are 2 files in /opt/airflow/dags
[2024-05-21T19:20:32.880+0000] {manager.py:878} INFO - 
================================================================================
DAG File Processing Stats

File Path                             PID    Runtime      # DAGs    # Errors  Last Runtime    Last Run
------------------------------------  -----  ---------  --------  ----------  --------------  -------------------
/opt/airflow/dags/i202478_dag.py                               1           0  1.31s           2024-05-21T19:20:04
/opt/airflow/dags/i200658_etl_dag.py                           1           0  1.21s           2024-05-21T19:20:32
================================================================================
[2024-05-21T19:21:04.140+0000] {manager.py:878} INFO - 
================================================================================
DAG File Processing Stats

File Path                             PID    Runtime      # DAGs    # Errors  Last Runtime    Last Run
------------------------------------  -----  ---------  --------  ----------  --------------  -------------------
/opt/airflow/dags/i202478_dag.py                               1           0  1.11s           2024-05-21T19:20:35
/opt/airflow/dags/i200658_etl_dag.py                           1           0  1.11s           2024-05-21T19:21:04
================================================================================
[2024-05-21T19:21:35.800+0000] {manager.py:878} INFO - 
================================================================================
DAG File Processing Stats

File Path                             PID    Runtime      # DAGs    # Errors  Last Runtime    Last Run
------------------------------------  -----  ---------  --------  ----------  --------------  -------------------
/opt/airflow/dags/i202478_dag.py                               1           0  1.21s           2024-05-21T19:21:07
/opt/airflow/dags/i200658_etl_dag.py                           1           0  1.21s           2024-05-21T19:21:35
================================================================================
[2024-05-21T19:22:07.071+0000] {manager.py:878} INFO - 
================================================================================
DAG File Processing Stats

File Path                             PID    Runtime      # DAGs    # Errors  Last Runtime    Last Run
------------------------------------  -----  ---------  --------  ----------  --------------  -------------------
/opt/airflow/dags/i202478_dag.py                               1           0  1.12s           2024-05-21T19:21:38
/opt/airflow/dags/i200658_etl_dag.py                           1           0  1.01s           2024-05-21T19:22:07
================================================================================
[2024-05-21T19:22:39.310+0000] {manager.py:878} INFO - 
================================================================================
DAG File Processing Stats

File Path                             PID    Runtime      # DAGs    # Errors  Last Runtime    Last Run
------------------------------------  -----  ---------  --------  ----------  --------------  -------------------
/opt/airflow/dags/i202478_dag.py                               1           0  1.12s           2024-05-21T19:22:10
/opt/airflow/dags/i200658_etl_dag.py                           1           0  1.11s           2024-05-21T19:22:39
================================================================================
[2024-05-21T19:23:11.308+0000] {manager.py:878} INFO - 
================================================================================
DAG File Processing Stats

File Path                             PID    Runtime      # DAGs    # Errors  Last Runtime    Last Run
------------------------------------  -----  ---------  --------  ----------  --------------  -------------------
/opt/airflow/dags/i202478_dag.py                               1           0  1.22s           2024-05-21T19:22:41
/opt/airflow/dags/i200658_etl_dag.py                           1           0  1.13s           2024-05-21T19:23:11
================================================================================
[2024-05-21T19:23:42.684+0000] {manager.py:878} INFO - 
================================================================================
DAG File Processing Stats

File Path                             PID    Runtime      # DAGs    # Errors  Last Runtime    Last Run
------------------------------------  -----  ---------  --------  ----------  --------------  -------------------
/opt/airflow/dags/i202478_dag.py                               1           0  1.11s           2024-05-21T19:23:13
/opt/airflow/dags/i200658_etl_dag.py                           1           0  1.11s           2024-05-21T19:23:42
================================================================================
[2024-05-21T19:24:14.068+0000] {manager.py:878} INFO - 
================================================================================
DAG File Processing Stats

File Path                             PID    Runtime      # DAGs    # Errors  Last Runtime    Last Run
------------------------------------  -----  ---------  --------  ----------  --------------  -------------------
/opt/airflow/dags/i202478_dag.py                               1           0  1.11s           2024-05-21T19:23:44
/opt/airflow/dags/i200658_etl_dag.py                           1           0  1.01s           2024-05-21T19:24:14
================================================================================
[2024-05-21T19:24:45.697+0000] {manager.py:878} INFO - 
================================================================================
DAG File Processing Stats

File Path                             PID    Runtime      # DAGs    # Errors  Last Runtime    Last Run
------------------------------------  -----  ---------  --------  ----------  --------------  -------------------
/opt/airflow/dags/i202478_dag.py                               1           0  1.12s           2024-05-21T19:24:15
/opt/airflow/dags/i200658_etl_dag.py                           1           0  1.11s           2024-05-21T19:24:45
================================================================================
[2024-05-21T19:25:14.536+0000] {manager.py:737} INFO - Searching for files in /opt/airflow/dags
[2024-05-21T19:25:14.628+0000] {manager.py:740} INFO - There are 2 files in /opt/airflow/dags
[2024-05-21T19:25:17.124+0000] {manager.py:878} INFO - 
================================================================================
DAG File Processing Stats

File Path                             PID    Runtime      # DAGs    # Errors  Last Runtime    Last Run
------------------------------------  -----  ---------  --------  ----------  --------------  -------------------
/opt/airflow/dags/i200658_etl_dag.py                           1           0  1.21s           2024-05-21T19:25:17
/opt/airflow/dags/i202478_dag.py                               1           0  1.11s           2024-05-21T19:24:47
================================================================================
[2024-05-21T19:25:48.607+0000] {manager.py:878} INFO - 
================================================================================
DAG File Processing Stats

File Path                             PID    Runtime      # DAGs    # Errors  Last Runtime    Last Run
------------------------------------  -----  ---------  --------  ----------  --------------  -------------------
/opt/airflow/dags/i200658_etl_dag.py                           1           0  1.11s           2024-05-21T19:25:48
/opt/airflow/dags/i202478_dag.py                               1           0  1.11s           2024-05-21T19:25:18
================================================================================
[2024-05-21T19:26:35.791+0000] {manager.py:470} INFO - Processing files using up to 1 processes at a time 
[2024-05-21T19:26:35.793+0000] {manager.py:471} INFO - Process each file at most once every 30 seconds
[2024-05-21T19:26:35.794+0000] {manager.py:472} INFO - Checking for new files in /opt/airflow/dags every 300 seconds
[2024-05-21T19:26:35.800+0000] {manager.py:737} INFO - Searching for files in /opt/airflow/dags
[2024-05-21T19:26:35.880+0000] {manager.py:740} INFO - There are 2 files in /opt/airflow/dags
[2024-05-21T19:26:38.092+0000] {manager.py:878} INFO - 
================================================================================
DAG File Processing Stats

File Path                             PID    Runtime      # DAGs    # Errors  Last Runtime    Last Run
------------------------------------  -----  ---------  --------  ----------  --------------  -------------------
/opt/airflow/dags/i200658_etl_dag.py                           1           0  1.93s           2024-05-21T19:26:38
/opt/airflow/dags/i202478_dag.py                               0           0
================================================================================
[2024-05-21T19:27:09.709+0000] {manager.py:878} INFO - 
================================================================================
DAG File Processing Stats

File Path                             PID    Runtime      # DAGs    # Errors  Last Runtime    Last Run
------------------------------------  -----  ---------  --------  ----------  --------------  -------------------
/opt/airflow/dags/i202478_dag.py                               1           0  1.72s           2024-05-21T19:26:41
/opt/airflow/dags/i200658_etl_dag.py                           1           0  1.31s           2024-05-21T19:27:09
================================================================================
[2024-05-21T19:27:41.640+0000] {manager.py:878} INFO - 
================================================================================
DAG File Processing Stats

File Path                             PID    Runtime      # DAGs    # Errors  Last Runtime    Last Run
------------------------------------  -----  ---------  --------  ----------  --------------  -------------------
/opt/airflow/dags/i202478_dag.py                               1           0  1.31s           2024-05-21T19:27:13
/opt/airflow/dags/i200658_etl_dag.py                           1           0  1.21s           2024-05-21T19:27:41
================================================================================
[2024-05-21T19:28:13.689+0000] {manager.py:878} INFO - 
================================================================================
DAG File Processing Stats

File Path                             PID    Runtime      # DAGs    # Errors  Last Runtime    Last Run
------------------------------------  -----  ---------  --------  ----------  --------------  -------------------
/opt/airflow/dags/i200658_etl_dag.py                           1           0  1.41s           2024-05-21T19:28:13
/opt/airflow/dags/i202478_dag.py                               1           0  1.11s           2024-05-21T19:27:45
================================================================================
[2024-05-21T19:29:25.525+0000] {manager.py:470} INFO - Processing files using up to 1 processes at a time 
[2024-05-21T19:29:25.528+0000] {manager.py:471} INFO - Process each file at most once every 30 seconds
[2024-05-21T19:29:25.530+0000] {manager.py:472} INFO - Checking for new files in /opt/airflow/dags every 300 seconds
[2024-05-21T19:29:25.532+0000] {manager.py:737} INFO - Searching for files in /opt/airflow/dags
[2024-05-21T19:29:25.594+0000] {manager.py:740} INFO - There are 2 files in /opt/airflow/dags
[2024-05-21T19:29:26.914+0000] {manager.py:878} INFO - 
================================================================================
DAG File Processing Stats

File Path                             PID    Runtime      # DAGs    # Errors  Last Runtime    Last Run
------------------------------------  -----  ---------  --------  ----------  --------------  -------------------
/opt/airflow/dags/i200658_etl_dag.py                           1           0  1.11s           2024-05-21T19:29:26
/opt/airflow/dags/i202478_dag.py                               0           0
================================================================================
[2024-05-21T19:29:59.263+0000] {manager.py:878} INFO - 
================================================================================
DAG File Processing Stats

File Path                             PID    Runtime      # DAGs    # Errors  Last Runtime    Last Run
------------------------------------  -----  ---------  --------  ----------  --------------  -------------------
/opt/airflow/dags/i200658_etl_dag.py                           1           0  1.63s           2024-05-21T19:29:59
/opt/airflow/dags/i202478_dag.py                               1           0  1.11s           2024-05-21T19:29:29
================================================================================
[2024-05-21T19:30:30.433+0000] {manager.py:878} INFO - 
================================================================================
DAG File Processing Stats

File Path                             PID    Runtime      # DAGs    # Errors  Last Runtime    Last Run
------------------------------------  -----  ---------  --------  ----------  --------------  -------------------
/opt/airflow/dags/i202478_dag.py                               1           0  1.61s           2024-05-21T19:30:02
/opt/airflow/dags/i200658_etl_dag.py                           1           0  1.11s           2024-05-21T19:30:30
================================================================================
[2024-05-21T19:31:02.238+0000] {manager.py:878} INFO - 
================================================================================
DAG File Processing Stats

File Path                             PID    Runtime      # DAGs    # Errors  Last Runtime    Last Run
------------------------------------  -----  ---------  --------  ----------  --------------  -------------------
/opt/airflow/dags/i200658_etl_dag.py                           1           0  1.22s           2024-05-21T19:31:02
/opt/airflow/dags/i202478_dag.py                               1           0  1.21s           2024-05-21T19:30:33
================================================================================
[2024-05-21T19:31:36.247+0000] {manager.py:878} INFO - 
================================================================================
DAG File Processing Stats

File Path                             PID    Runtime      # DAGs    # Errors  Last Runtime    Last Run
------------------------------------  -----  ---------  --------  ----------  --------------  -------------------
/opt/airflow/dags/i200658_etl_dag.py                           1           0  3.81s           2024-05-21T19:31:36
/opt/airflow/dags/i202478_dag.py                               1           0  1.11s           2024-05-21T19:31:05
================================================================================
[2024-05-21T19:32:09.806+0000] {manager.py:878} INFO - 
================================================================================
DAG File Processing Stats

File Path                             PID    Runtime      # DAGs    # Errors  Last Runtime    Last Run
------------------------------------  -----  ---------  --------  ----------  --------------  -------------------
/opt/airflow/dags/i202478_dag.py                               1           0  3.38s           2024-05-21T19:31:41
/opt/airflow/dags/i200658_etl_dag.py                           1           0  3.36s           2024-05-21T19:32:09
================================================================================
[2024-05-21T19:32:44.308+0000] {manager.py:878} INFO - 
================================================================================
DAG File Processing Stats

File Path                             PID    Runtime      # DAGs    # Errors  Last Runtime    Last Run
------------------------------------  -----  ---------  --------  ----------  --------------  -------------------
/opt/airflow/dags/i202478_dag.py                               1           0  3.14s           2024-05-21T19:32:14
/opt/airflow/dags/i200658_etl_dag.py                           1           0  3.12s           2024-05-21T19:32:44
================================================================================
[2024-05-21T19:33:20.498+0000] {manager.py:878} INFO - 
================================================================================
DAG File Processing Stats

File Path                             PID    Runtime      # DAGs    # Errors  Last Runtime    Last Run
------------------------------------  -----  ---------  --------  ----------  --------------  -------------------
/opt/airflow/dags/i202478_dag.py                               1           0  3.97s           2024-05-21T19:32:49
/opt/airflow/dags/i200658_etl_dag.py                           1           0  3.43s           2024-05-21T19:33:20
================================================================================
[2024-05-21T19:33:52.435+0000] {manager.py:878} INFO - 
================================================================================
DAG File Processing Stats

File Path                             PID    Runtime      # DAGs    # Errors  Last Runtime    Last Run
------------------------------------  -----  ---------  --------  ----------  --------------  -------------------
/opt/airflow/dags/i202478_dag.py                               1           0  6.13s           2024-05-21T19:33:28
/opt/airflow/dags/i200658_etl_dag.py                           1           0  1.21s           2024-05-21T19:33:52
================================================================================
[2024-05-21T19:38:24.671+0000] {manager.py:470} INFO - Processing files using up to 1 processes at a time 
[2024-05-21T19:38:24.674+0000] {manager.py:471} INFO - Process each file at most once every 30 seconds
[2024-05-21T19:38:24.676+0000] {manager.py:472} INFO - Checking for new files in /opt/airflow/dags every 300 seconds
[2024-05-21T19:38:24.678+0000] {manager.py:737} INFO - Searching for files in /opt/airflow/dags
[2024-05-21T19:38:24.770+0000] {manager.py:740} INFO - There are 2 files in /opt/airflow/dags
[2024-05-21T19:38:26.363+0000] {manager.py:878} INFO - 
================================================================================
DAG File Processing Stats

File Path                             PID    Runtime      # DAGs    # Errors  Last Runtime    Last Run
------------------------------------  -----  ---------  --------  ----------  --------------  -------------------
/opt/airflow/dags/i200658_etl_dag.py                           1           0  1.31s           2024-05-21T19:38:26
/opt/airflow/dags/i202478_dag.py                               0           0
================================================================================
[2024-05-21T19:38:57.884+0000] {manager.py:878} INFO - 
================================================================================
DAG File Processing Stats

File Path                             PID    Runtime      # DAGs    # Errors  Last Runtime    Last Run
------------------------------------  -----  ---------  --------  ----------  --------------  -------------------
/opt/airflow/dags/i202478_dag.py                               1           0  1.31s           2024-05-21T19:38:28
/opt/airflow/dags/i200658_etl_dag.py                           1           0  1.31s           2024-05-21T19:38:57
================================================================================
[2024-05-21T19:39:30.198+0000] {manager.py:878} INFO - 
================================================================================
DAG File Processing Stats

File Path                             PID    Runtime      # DAGs    # Errors  Last Runtime    Last Run
------------------------------------  -----  ---------  --------  ----------  --------------  -------------------
/opt/airflow/dags/i202478_dag.py                               1           0  1.31s           2024-05-21T19:39:00
/opt/airflow/dags/i200658_etl_dag.py                           1           0  1.21s           2024-05-21T19:39:30
================================================================================
[2024-05-21T19:40:01.982+0000] {manager.py:878} INFO - 
================================================================================
DAG File Processing Stats

File Path                             PID    Runtime      # DAGs    # Errors  Last Runtime    Last Run
------------------------------------  -----  ---------  --------  ----------  --------------  -------------------
/opt/airflow/dags/i202478_dag.py                               1           0  1.21s           2024-05-21T19:39:32
/opt/airflow/dags/i200658_etl_dag.py                           1           0  1.21s           2024-05-21T19:40:01
================================================================================
[2024-05-21T19:40:33.745+0000] {manager.py:878} INFO - 
================================================================================
DAG File Processing Stats

File Path                             PID    Runtime      # DAGs    # Errors  Last Runtime    Last Run
------------------------------------  -----  ---------  --------  ----------  --------------  -------------------
/opt/airflow/dags/i200658_etl_dag.py                           1           0  1.21s           2024-05-21T19:40:33
/opt/airflow/dags/i202478_dag.py                               1           0  1.11s           2024-05-21T19:40:04
================================================================================
[2024-05-21T19:41:05.555+0000] {manager.py:878} INFO - 
================================================================================
DAG File Processing Stats

File Path                             PID    Runtime      # DAGs    # Errors  Last Runtime    Last Run
------------------------------------  -----  ---------  --------  ----------  --------------  -------------------
/opt/airflow/dags/i202478_dag.py                               1           0  1.21s           2024-05-21T19:40:36
/opt/airflow/dags/i200658_etl_dag.py                           1           0  1.01s           2024-05-21T19:41:05
================================================================================
[2024-05-21T19:41:37.451+0000] {manager.py:878} INFO - 
================================================================================
DAG File Processing Stats

File Path                             PID    Runtime      # DAGs    # Errors  Last Runtime    Last Run
------------------------------------  -----  ---------  --------  ----------  --------------  -------------------
/opt/airflow/dags/i200658_etl_dag.py                           1           0  1.11s           2024-05-21T19:41:37
/opt/airflow/dags/i202478_dag.py                               1           0  1.11s           2024-05-21T19:41:07
================================================================================
[2024-05-21T19:42:09.001+0000] {manager.py:878} INFO - 
================================================================================
DAG File Processing Stats

File Path                             PID    Runtime      # DAGs    # Errors  Last Runtime    Last Run
------------------------------------  -----  ---------  --------  ----------  --------------  -------------------
/opt/airflow/dags/i200658_etl_dag.py                           1           0  1.11s           2024-05-21T19:42:08
/opt/airflow/dags/i202478_dag.py                               1           0  1.11s           2024-05-21T19:41:39
================================================================================
[2024-05-21T19:42:40.710+0000] {manager.py:878} INFO - 
================================================================================
DAG File Processing Stats

File Path                             PID    Runtime      # DAGs    # Errors  Last Runtime    Last Run
------------------------------------  -----  ---------  --------  ----------  --------------  -------------------
/opt/airflow/dags/i200658_etl_dag.py                           1           0  1.21s           2024-05-21T19:42:40
/opt/airflow/dags/i202478_dag.py                               1           0  1.12s           2024-05-21T19:42:11
================================================================================
[2024-05-21T19:43:12.300+0000] {manager.py:878} INFO - 
================================================================================
DAG File Processing Stats

File Path                             PID    Runtime      # DAGs    # Errors  Last Runtime    Last Run
------------------------------------  -----  ---------  --------  ----------  --------------  -------------------
/opt/airflow/dags/i202478_dag.py                               1           0  1.21s           2024-05-21T19:42:42
/opt/airflow/dags/i200658_etl_dag.py                           1           0  0.91s           2024-05-21T19:43:12
================================================================================
[2024-05-21T19:43:24.969+0000] {manager.py:737} INFO - Searching for files in /opt/airflow/dags
[2024-05-21T19:43:25.060+0000] {manager.py:740} INFO - There are 2 files in /opt/airflow/dags
[2024-05-21T19:43:44.318+0000] {manager.py:878} INFO - 
================================================================================
DAG File Processing Stats

File Path                             PID    Runtime      # DAGs    # Errors  Last Runtime    Last Run
------------------------------------  -----  ---------  --------  ----------  --------------  -------------------
/opt/airflow/dags/i202478_dag.py                               1           0  1.21s           2024-05-21T19:43:14
/opt/airflow/dags/i200658_etl_dag.py                           1           0  1.11s           2024-05-21T19:43:44
================================================================================
[2024-05-21T19:44:15.980+0000] {manager.py:878} INFO - 
================================================================================
DAG File Processing Stats

File Path                             PID    Runtime      # DAGs    # Errors  Last Runtime    Last Run
------------------------------------  -----  ---------  --------  ----------  --------------  -------------------
/opt/airflow/dags/i200658_etl_dag.py                           1           0  1.51s           2024-05-21T19:44:15
/opt/airflow/dags/i202478_dag.py                               1           0  1.11s           2024-05-21T19:43:46
================================================================================
[2024-05-21T19:44:47.601+0000] {manager.py:878} INFO - 
================================================================================
DAG File Processing Stats

File Path                             PID    Runtime      # DAGs    # Errors  Last Runtime    Last Run
------------------------------------  -----  ---------  --------  ----------  --------------  -------------------
/opt/airflow/dags/i202478_dag.py                               1           0  1.61s           2024-05-21T19:44:17
/opt/airflow/dags/i200658_etl_dag.py                           1           0  1.31s           2024-05-21T19:44:47
================================================================================
[2024-05-21T19:45:18.827+0000] {manager.py:878} INFO - 
================================================================================
DAG File Processing Stats

File Path                             PID    Runtime      # DAGs    # Errors  Last Runtime    Last Run
------------------------------------  -----  ---------  --------  ----------  --------------  -------------------
/opt/airflow/dags/i202478_dag.py                               1           0  1.21s           2024-05-21T19:44:49
/opt/airflow/dags/i200658_etl_dag.py                           1           0  1.01s           2024-05-21T19:45:18
================================================================================
[2024-05-21T19:45:50.313+0000] {manager.py:878} INFO - 
================================================================================
DAG File Processing Stats

File Path                             PID    Runtime      # DAGs    # Errors  Last Runtime    Last Run
------------------------------------  -----  ---------  --------  ----------  --------------  -------------------
/opt/airflow/dags/i200658_etl_dag.py                           1           0  1.11s           2024-05-21T19:45:50
/opt/airflow/dags/i202478_dag.py                               1           0  1.11s           2024-05-21T19:45:20
================================================================================
[2024-05-21T19:46:21.773+0000] {manager.py:878} INFO - 
================================================================================
DAG File Processing Stats

File Path                             PID    Runtime      # DAGs    # Errors  Last Runtime    Last Run
------------------------------------  -----  ---------  --------  ----------  --------------  -------------------
/opt/airflow/dags/i200658_etl_dag.py                           1           0  1.21s           2024-05-21T19:46:21
/opt/airflow/dags/i202478_dag.py                               1           0  1.11s           2024-05-21T19:45:52
================================================================================
[2024-05-21T19:46:53.358+0000] {manager.py:878} INFO - 
================================================================================
DAG File Processing Stats

File Path                             PID    Runtime      # DAGs    # Errors  Last Runtime    Last Run
------------------------------------  -----  ---------  --------  ----------  --------------  -------------------
/opt/airflow/dags/i202478_dag.py                               1           0  1.31s           2024-05-21T19:46:23
/opt/airflow/dags/i200658_etl_dag.py                           1           0  1.12s           2024-05-21T19:46:53
================================================================================
[2024-05-21T19:47:24.701+0000] {manager.py:878} INFO - 
================================================================================
DAG File Processing Stats

File Path                             PID    Runtime      # DAGs    # Errors  Last Runtime    Last Run
------------------------------------  -----  ---------  --------  ----------  --------------  -------------------
/opt/airflow/dags/i202478_dag.py                               1           0  1.31s           2024-05-21T19:46:55
/opt/airflow/dags/i200658_etl_dag.py                           1           0  0.91s           2024-05-21T19:47:24
================================================================================
[2024-05-21T19:47:56.503+0000] {manager.py:878} INFO - 
================================================================================
DAG File Processing Stats

File Path                             PID    Runtime      # DAGs    # Errors  Last Runtime    Last Run
------------------------------------  -----  ---------  --------  ----------  --------------  -------------------
/opt/airflow/dags/i202478_dag.py                               1           0  1.22s           2024-05-21T19:47:26
/opt/airflow/dags/i200658_etl_dag.py                           1           0  1.11s           2024-05-21T19:47:56
================================================================================
[2024-05-21T19:48:25.283+0000] {manager.py:737} INFO - Searching for files in /opt/airflow/dags
[2024-05-21T19:48:25.376+0000] {manager.py:740} INFO - There are 2 files in /opt/airflow/dags
[2024-05-21T19:48:27.975+0000] {manager.py:878} INFO - 
================================================================================
DAG File Processing Stats

File Path                             PID    Runtime      # DAGs    # Errors  Last Runtime    Last Run
------------------------------------  -----  ---------  --------  ----------  --------------  -------------------
/opt/airflow/dags/i200658_etl_dag.py                           1           0  1.31s           2024-05-21T19:48:27
/opt/airflow/dags/i202478_dag.py                               1           0  1.12s           2024-05-21T19:47:58
================================================================================
[2024-05-21T19:48:59.317+0000] {manager.py:878} INFO - 
================================================================================
DAG File Processing Stats

File Path                             PID    Runtime      # DAGs    # Errors  Last Runtime    Last Run
------------------------------------  -----  ---------  --------  ----------  --------------  -------------------
/opt/airflow/dags/i200658_etl_dag.py                           1           0  1.21s           2024-05-21T19:48:59
/opt/airflow/dags/i202478_dag.py                               1           0  1.11s           2024-05-21T19:48:29
================================================================================
[2024-05-21T19:49:30.356+0000] {manager.py:878} INFO - 
================================================================================
DAG File Processing Stats

File Path                             PID    Runtime      # DAGs    # Errors  Last Runtime    Last Run
------------------------------------  -----  ---------  --------  ----------  --------------  -------------------
/opt/airflow/dags/i202478_dag.py                               1           0  1.31s           2024-05-21T19:49:01
/opt/airflow/dags/i200658_etl_dag.py                           1           0  1.01s           2024-05-21T19:49:30
================================================================================
[2024-05-21T19:50:02.234+0000] {manager.py:878} INFO - 
================================================================================
DAG File Processing Stats

File Path                             PID    Runtime      # DAGs    # Errors  Last Runtime    Last Run
------------------------------------  -----  ---------  --------  ----------  --------------  -------------------
/opt/airflow/dags/i200658_etl_dag.py                           1           0  1.11s           2024-05-21T19:50:02
/opt/airflow/dags/i202478_dag.py                               1           0  1.11s           2024-05-21T19:49:32
================================================================================
[2024-05-21T19:50:33.703+0000] {manager.py:878} INFO - 
================================================================================
DAG File Processing Stats

File Path                             PID    Runtime      # DAGs    # Errors  Last Runtime    Last Run
------------------------------------  -----  ---------  --------  ----------  --------------  -------------------
/opt/airflow/dags/i202478_dag.py                               1           0  1.12s           2024-05-21T19:50:04
/opt/airflow/dags/i200658_etl_dag.py                           1           0  1.11s           2024-05-21T19:50:33
================================================================================
[2024-05-21T19:51:05.049+0000] {manager.py:878} INFO - 
================================================================================
DAG File Processing Stats

File Path                             PID    Runtime      # DAGs    # Errors  Last Runtime    Last Run
------------------------------------  -----  ---------  --------  ----------  --------------  -------------------
/opt/airflow/dags/i202478_dag.py                               1           0  1.11s           2024-05-21T19:50:35
/opt/airflow/dags/i200658_etl_dag.py                           1           0  1.11s           2024-05-21T19:51:05
================================================================================
[2024-05-21T19:51:36.454+0000] {manager.py:878} INFO - 
================================================================================
DAG File Processing Stats

File Path                             PID    Runtime      # DAGs    # Errors  Last Runtime    Last Run
------------------------------------  -----  ---------  --------  ----------  --------------  -------------------
/opt/airflow/dags/i202478_dag.py                               1           0  1.21s           2024-05-21T19:51:07
/opt/airflow/dags/i200658_etl_dag.py                           1           0  1.01s           2024-05-21T19:51:36
================================================================================
[2024-05-21T19:52:08.201+0000] {manager.py:878} INFO - 
================================================================================
DAG File Processing Stats

File Path                             PID    Runtime      # DAGs    # Errors  Last Runtime    Last Run
------------------------------------  -----  ---------  --------  ----------  --------------  -------------------
/opt/airflow/dags/i200658_etl_dag.py                           1           0  1.21s           2024-05-21T19:52:08
/opt/airflow/dags/i202478_dag.py                               1           0  0.91s           2024-05-21T19:51:38
================================================================================
[2024-05-21T19:52:39.460+0000] {manager.py:878} INFO - 
================================================================================
DAG File Processing Stats

File Path                             PID    Runtime      # DAGs    # Errors  Last Runtime    Last Run
------------------------------------  -----  ---------  --------  ----------  --------------  -------------------
/opt/airflow/dags/i202478_dag.py                               1           0  1.11s           2024-05-21T19:52:09
/opt/airflow/dags/i200658_etl_dag.py                           1           0  1.11s           2024-05-21T19:52:39
================================================================================
[2024-05-21T19:53:11.082+0000] {manager.py:878} INFO - 
================================================================================
DAG File Processing Stats

File Path                             PID    Runtime      # DAGs    # Errors  Last Runtime    Last Run
------------------------------------  -----  ---------  --------  ----------  --------------  -------------------
/opt/airflow/dags/i202478_dag.py                               1           0  1.21s           2024-05-21T19:52:41
/opt/airflow/dags/i200658_etl_dag.py                           1           0  1.21s           2024-05-21T19:53:11
================================================================================
[2024-05-21T19:53:26.060+0000] {manager.py:737} INFO - Searching for files in /opt/airflow/dags
[2024-05-21T19:53:26.109+0000] {manager.py:740} INFO - There are 2 files in /opt/airflow/dags
[2024-05-21T19:53:42.455+0000] {manager.py:878} INFO - 
================================================================================
DAG File Processing Stats

File Path                             PID    Runtime      # DAGs    # Errors  Last Runtime    Last Run
------------------------------------  -----  ---------  --------  ----------  --------------  -------------------
/opt/airflow/dags/i202478_dag.py                               1           0  1.21s           2024-05-21T19:53:12
/opt/airflow/dags/i200658_etl_dag.py                           1           0  1.01s           2024-05-21T19:53:42
================================================================================
[2024-05-21T19:54:14.193+0000] {manager.py:878} INFO - 
================================================================================
DAG File Processing Stats

File Path                             PID    Runtime      # DAGs    # Errors  Last Runtime    Last Run
------------------------------------  -----  ---------  --------  ----------  --------------  -------------------
/opt/airflow/dags/i200658_etl_dag.py                           1           0  1.21s           2024-05-21T19:54:14
/opt/airflow/dags/i202478_dag.py                               1           0  1.01s           2024-05-21T19:53:44
================================================================================
[2024-05-21T19:54:45.410+0000] {manager.py:878} INFO - 
================================================================================
DAG File Processing Stats

File Path                             PID    Runtime      # DAGs    # Errors  Last Runtime    Last Run
------------------------------------  -----  ---------  --------  ----------  --------------  -------------------
/opt/airflow/dags/i202478_dag.py                               1           0  1.11s           2024-05-21T19:54:16
/opt/airflow/dags/i200658_etl_dag.py                           1           0  1.11s           2024-05-21T19:54:45
================================================================================
[2024-05-21T19:55:17.373+0000] {manager.py:878} INFO - 
================================================================================
DAG File Processing Stats

File Path                             PID    Runtime      # DAGs    # Errors  Last Runtime    Last Run
------------------------------------  -----  ---------  --------  ----------  --------------  -------------------
/opt/airflow/dags/i202478_dag.py                               1           0  1.41s           2024-05-21T19:54:47
/opt/airflow/dags/i200658_etl_dag.py                           1           0  1.11s           2024-05-21T19:55:17
================================================================================
[2024-05-21T19:55:49.077+0000] {manager.py:878} INFO - 
================================================================================
DAG File Processing Stats

File Path                             PID    Runtime      # DAGs    # Errors  Last Runtime    Last Run
------------------------------------  -----  ---------  --------  ----------  --------------  -------------------
/opt/airflow/dags/i200658_etl_dag.py                           1           0  1.22s           2024-05-21T19:55:49
/opt/airflow/dags/i202478_dag.py                               1           0  1.12s           2024-05-21T19:55:19
================================================================================
[2024-05-21T19:56:20.432+0000] {manager.py:878} INFO - 
================================================================================
DAG File Processing Stats

File Path                             PID    Runtime      # DAGs    # Errors  Last Runtime    Last Run
------------------------------------  -----  ---------  --------  ----------  --------------  -------------------
/opt/airflow/dags/i200658_etl_dag.py                           1           0  1.21s           2024-05-21T19:56:20
/opt/airflow/dags/i202478_dag.py                               1           0  1.11s           2024-05-21T19:55:50
================================================================================
[2024-05-21T19:56:51.779+0000] {manager.py:878} INFO - 
================================================================================
DAG File Processing Stats

File Path                             PID    Runtime      # DAGs    # Errors  Last Runtime    Last Run
------------------------------------  -----  ---------  --------  ----------  --------------  -------------------
/opt/airflow/dags/i202478_dag.py                               1           0  1.12s           2024-05-21T19:56:22
/opt/airflow/dags/i200658_etl_dag.py                           1           0  1.11s           2024-05-21T19:56:51
================================================================================
[2024-05-21T19:57:23.341+0000] {manager.py:878} INFO - 
================================================================================
DAG File Processing Stats

File Path                             PID    Runtime      # DAGs    # Errors  Last Runtime    Last Run
------------------------------------  -----  ---------  --------  ----------  --------------  -------------------
/opt/airflow/dags/i200658_etl_dag.py                           1           0  1.11s           2024-05-21T19:57:23
/opt/airflow/dags/i202478_dag.py                               1           0  1.11s           2024-05-21T19:56:53
================================================================================
[2024-05-21T19:57:54.705+0000] {manager.py:878} INFO - 
================================================================================
DAG File Processing Stats

File Path                             PID    Runtime      # DAGs    # Errors  Last Runtime    Last Run
------------------------------------  -----  ---------  --------  ----------  --------------  -------------------
/opt/airflow/dags/i202478_dag.py                               1           0  1.21s           2024-05-21T19:57:25
/opt/airflow/dags/i200658_etl_dag.py                           1           0  1.11s           2024-05-21T19:57:54
================================================================================
[2024-05-21T19:58:26.171+0000] {manager.py:878} INFO - 
================================================================================
DAG File Processing Stats

File Path                             PID    Runtime      # DAGs    # Errors  Last Runtime    Last Run
------------------------------------  -----  ---------  --------  ----------  --------------  -------------------
/opt/airflow/dags/i200658_etl_dag.py                           1           0  1.21s           2024-05-21T19:58:26
/opt/airflow/dags/i202478_dag.py                               1           0  1.01s           2024-05-21T19:57:56
================================================================================
[2024-05-21T19:58:26.727+0000] {manager.py:737} INFO - Searching for files in /opt/airflow/dags
[2024-05-21T19:58:26.795+0000] {manager.py:740} INFO - There are 2 files in /opt/airflow/dags
[2024-05-21T19:58:57.521+0000] {manager.py:878} INFO - 
================================================================================
DAG File Processing Stats

File Path                             PID    Runtime      # DAGs    # Errors  Last Runtime    Last Run
------------------------------------  -----  ---------  --------  ----------  --------------  -------------------
/opt/airflow/dags/i200658_etl_dag.py                           1           0  1.31s           2024-05-21T19:58:57
/opt/airflow/dags/i202478_dag.py                               1           0  1.11s           2024-05-21T19:58:27
================================================================================
[2024-05-21T19:59:31.562+0000] {manager.py:878} INFO - 
================================================================================
DAG File Processing Stats

File Path                             PID    Runtime      # DAGs    # Errors  Last Runtime    Last Run
------------------------------------  -----  ---------  --------  ----------  --------------  -------------------
/opt/airflow/dags/i200658_etl_dag.py                           1           0  3.62s           2024-05-21T19:59:31
/opt/airflow/dags/i202478_dag.py                               1           0  1.11s           2024-05-21T19:58:59
================================================================================
[2024-05-21T20:00:03.300+0000] {manager.py:878} INFO - 
================================================================================
DAG File Processing Stats

File Path                             PID    Runtime      # DAGs    # Errors  Last Runtime    Last Run
------------------------------------  -----  ---------  --------  ----------  --------------  -------------------
/opt/airflow/dags/i202478_dag.py                               1           0  2.76s           2024-05-21T19:59:36
/opt/airflow/dags/i200658_etl_dag.py                           1           0  1.31s           2024-05-21T20:00:03
================================================================================
[2024-05-21T20:00:34.978+0000] {manager.py:878} INFO - 
================================================================================
DAG File Processing Stats

File Path                             PID    Runtime      # DAGs    # Errors  Last Runtime    Last Run
------------------------------------  -----  ---------  --------  ----------  --------------  -------------------
/opt/airflow/dags/i200658_etl_dag.py                           1           0  1.21s           2024-05-21T20:00:34
/opt/airflow/dags/i202478_dag.py                               1           0  1.01s           2024-05-21T20:00:08
================================================================================
